<?xml version="1.0" encoding="UTF-8"?>
<testsuites>
  <testsuite name="/Users/adam/Dropbox/painprayer/tests" tests="63" assertions="138" failures="2" errors="0" time="0.508888">
    <testsuite name="Display\StudyArea\PrayerTaskMakerTest" file="/Users/adam/Dropbox/painprayer/tests/lib/Display/StudyArea/PrayerTaskMakerTest.php" tests="1" assertions="6" failures="0" errors="0" time="0.011428">
      <testcase name="testChooseTemplate" class="Display\StudyArea\PrayerTaskMakerTest" file="/Users/adam/Dropbox/painprayer/tests/lib/Display/StudyArea/PrayerTaskMakerTest.php" line="34" assertions="6" time="0.011428"/>
    </testsuite>
    <testsuite name="PainAssess\Display\PainAssessmentGetterTest" file="/Users/adam/Dropbox/painprayer/tests/lib/PainAssess/Display/PainAssessmentGetterTest.php" tests="3" assertions="4" failures="0" errors="0" time="0.038081">
      <testcase name="testSetTrial" class="PainAssess\Display\PainAssessmentGetterTest" file="/Users/adam/Dropbox/painprayer/tests/lib/PainAssess/Display/PainAssessmentGetterTest.php" line="28" assertions="1" time="0.008904"/>
      <testcase name="testSetDao" class="PainAssess\Display\PainAssessmentGetterTest" file="/Users/adam/Dropbox/painprayer/tests/lib/PainAssess/Display/PainAssessmentGetterTest.php" line="34" assertions="1" time="0.002144"/>
      <testcase name="testGetContent" class="PainAssess\Display\PainAssessmentGetterTest" file="/Users/adam/Dropbox/painprayer/tests/lib/PainAssess/Display/PainAssessmentGetterTest.php" line="40" assertions="2" time="0.027033"/>
    </testsuite>
    <testsuite name="Prayer\Assign\CreateAssignmentTest" file="/Users/adam/Dropbox/painprayer/tests/lib/Prayer/Assign/CreateAssignmentTest.php" tests="1" assertions="1" failures="1" errors="0" time="0.089550">
      <testcase name="testCreate" class="Prayer\Assign\CreateAssignmentTest" file="/Users/adam/Dropbox/painprayer/tests/lib/Prayer/Assign/CreateAssignmentTest.php" line="34" assertions="1" time="0.089550">
        <failure type="PHPUnit_Framework_ExpectationFailedException">Prayer\Assign\CreateAssignmentTest::testCreate
Failed asserting that null is true.

/Users/adam/Dropbox/painprayer/tests/lib/Prayer/Assign/CreateAssignmentTest.php:42
</failure>
      </testcase>
    </testsuite>
    <testsuite name="Prayer\Assign\UpdateAssignmentTest" file="/Users/adam/Dropbox/painprayer/tests/lib/Prayer/Assign/UpdateAssignmentTest.php" tests="1" assertions="0" failures="1" errors="0" time="0.001016">
      <testcase name="Warning" assertions="0" time="0.001016">
        <failure type="PHPUnit_Framework_AssertionFailedError">Warning
No tests found in class "Prayer\Assign\UpdateAssignmentTest".

</failure>
      </testcase>
    </testsuite>
    <testsuite name="RequestHandling\RequestTest" file="/Users/adam/Dropbox/painprayer/tests/lib/RequestHandling/RequestTest.php" tests="8" assertions="42" failures="0" errors="0" time="0.019075">
      <testcase name="testLoad" class="RequestHandling\RequestTest" file="/Users/adam/Dropbox/painprayer/tests/lib/RequestHandling/RequestTest.php" line="49" assertions="8" time="0.004318"/>
      <testcase name="testUnset_incoming" class="RequestHandling\RequestTest" file="/Users/adam/Dropbox/painprayer/tests/lib/RequestHandling/RequestTest.php" line="67" assertions="2" time="0.002076"/>
      <testcase name="testLoad_get" class="RequestHandling\RequestTest" file="/Users/adam/Dropbox/painprayer/tests/lib/RequestHandling/RequestTest.php" line="84" assertions="6" time="0.002017"/>
      <testcase name="testLoad_post" class="RequestHandling\RequestTest" file="/Users/adam/Dropbox/painprayer/tests/lib/RequestHandling/RequestTest.php" line="101" assertions="6" time="0.002210"/>
      <testcase name="testCombine" class="RequestHandling\RequestTest" file="/Users/adam/Dropbox/painprayer/tests/lib/RequestHandling/RequestTest.php" line="118" assertions="12" time="0.003228"/>
      <testcase name="testTask" class="RequestHandling\RequestTest" file="/Users/adam/Dropbox/painprayer/tests/lib/RequestHandling/RequestTest.php" line="139" assertions="2" time="0.001557"/>
      <testcase name="testPage_name" class="RequestHandling\RequestTest" file="/Users/adam/Dropbox/painprayer/tests/lib/RequestHandling/RequestTest.php" line="170" assertions="1" time="0.001203"/>
      <testcase name="testCreate" class="RequestHandling\RequestTest" file="/Users/adam/Dropbox/painprayer/tests/lib/RequestHandling/RequestTest.php" line="183" assertions="5" time="0.002466"/>
    </testsuite>
    <testsuite name="Scheduling\SchedulerTest" file="/Users/adam/Dropbox/painprayer/tests/lib/Scheduling/SchedulerTest.php" tests="1" assertions="1" failures="0" errors="0" time="0.001286">
      <testcase name="test" class="Scheduling\SchedulerTest" file="/Users/adam/Dropbox/painprayer/tests/lib/Scheduling/SchedulerTest.php" line="22" assertions="1" time="0.001286"/>
    </testsuite>
    <testsuite name="Security\cleaners\CleanerFactoryTest" file="/Users/adam/Dropbox/painprayer/tests/lib/Security/cleaners/CleanerFactoryTest.php" tests="3" assertions="10" failures="0" errors="0" time="0.007155">
      <testcase name="testValidate" class="Security\cleaners\CleanerFactoryTest" file="/Users/adam/Dropbox/painprayer/tests/lib/Security/cleaners/CleanerFactoryTest.php" line="34" assertions="3" time="0.003039"/>
      <testcase name="testSanitize" class="Security\cleaners\CleanerFactoryTest" file="/Users/adam/Dropbox/painprayer/tests/lib/Security/cleaners/CleanerFactoryTest.php" line="43" assertions="2" time="0.001381"/>
      <testcase name="testMake" class="Security\cleaners\CleanerFactoryTest" file="/Users/adam/Dropbox/painprayer/tests/lib/Security/cleaners/CleanerFactoryTest.php" line="53" assertions="5" time="0.002735"/>
    </testsuite>
    <testsuite name="Security\cleaners\EmailCleanerTest" file="/Users/adam/Dropbox/painprayer/tests/lib/Security/cleaners/EmailCleanerTest.php" tests="4" assertions="10" failures="0" errors="0" time="0.006477">
      <testcase name="testSanitize" class="Security\cleaners\EmailCleanerTest" file="/Users/adam/Dropbox/painprayer/tests/lib/Security/cleaners/EmailCleanerTest.php" line="25" assertions="1" time="0.001337"/>
      <testcase name="testSanitize_invalid_address" class="Security\cleaners\EmailCleanerTest" file="/Users/adam/Dropbox/painprayer/tests/lib/Security/cleaners/EmailCleanerTest.php" line="33" assertions="4" time="0.001889"/>
      <testcase name="testValidate" class="Security\cleaners\EmailCleanerTest" file="/Users/adam/Dropbox/painprayer/tests/lib/Security/cleaners/EmailCleanerTest.php" line="45" assertions="4" time="0.001965"/>
      <testcase name="testSet_max_length" class="Security\cleaners\EmailCleanerTest" file="/Users/adam/Dropbox/painprayer/tests/lib/Security/cleaners/EmailCleanerTest.php" line="56" assertions="1" time="0.001286"/>
    </testsuite>
    <testsuite name="Security\cleaners\FloatCleanerTest" file="/Users/adam/Dropbox/painprayer/tests/lib/Security/cleaners/FloatCleanerTest.php" tests="3" assertions="7" failures="0" errors="0" time="0.009971">
      <testcase name="testSanitize" class="Security\cleaners\FloatCleanerTest" file="/Users/adam/Dropbox/painprayer/tests/lib/Security/cleaners/FloatCleanerTest.php" line="26" assertions="3" time="0.007069"/>
      <testcase name="testValidate" class="Security\cleaners\FloatCleanerTest" file="/Users/adam/Dropbox/painprayer/tests/lib/Security/cleaners/FloatCleanerTest.php" line="36" assertions="3" time="0.001630"/>
      <testcase name="testSet_max_length" class="Security\cleaners\FloatCleanerTest" file="/Users/adam/Dropbox/painprayer/tests/lib/Security/cleaners/FloatCleanerTest.php" line="46" assertions="1" time="0.001272"/>
    </testsuite>
    <testsuite name="Security\cleaners\IntegerCleanerTest" file="/Users/adam/Dropbox/painprayer/tests/lib/Security/cleaners/IntegerCleanerTest.php" tests="4" assertions="7" failures="0" errors="0" time="0.005239">
      <testcase name="testSanitize" class="Security\cleaners\IntegerCleanerTest" file="/Users/adam/Dropbox/painprayer/tests/lib/Security/cleaners/IntegerCleanerTest.php" line="24" assertions="3" time="0.001538"/>
      <testcase name="testValidate" class="Security\cleaners\IntegerCleanerTest" file="/Users/adam/Dropbox/painprayer/tests/lib/Security/cleaners/IntegerCleanerTest.php" line="34" assertions="3" time="0.001511"/>
      <testcase name="testSet_max_length" class="Security\cleaners\IntegerCleanerTest" file="/Users/adam/Dropbox/painprayer/tests/lib/Security/cleaners/IntegerCleanerTest.php" line="44" assertions="1" time="0.001233"/>
      <testcase name="testTrim" class="Security\cleaners\IntegerCleanerTest" file="/Users/adam/Dropbox/painprayer/tests/lib/Security/cleaners/IntegerCleanerTest.php" line="53" assertions="0" time="0.000957"/>
    </testsuite>
    <testsuite name="Security\nonces\NonceMakerTest" file="/Users/adam/Dropbox/painprayer/tests/lib/Security/nonces/NonceMakerTest.php" tests="4" assertions="4" failures="0" errors="0" time="0.005912">
      <testcase name="testSet_session_handler" class="Security\nonces\NonceMakerTest" file="/Users/adam/Dropbox/painprayer/tests/lib/Security/nonces/NonceMakerTest.php" line="48" assertions="1" time="0.002241"/>
      <testcase name="testCreateNonceToken" class="Security\nonces\NonceMakerTest" file="/Users/adam/Dropbox/painprayer/tests/lib/Security/nonces/NonceMakerTest.php" line="57" assertions="1" time="0.001139"/>
      <testcase name="testMake_form_field" class="Security\nonces\NonceMakerTest" file="/Users/adam/Dropbox/painprayer/tests/lib/Security/nonces/NonceMakerTest.php" line="66" assertions="1" time="0.001195"/>
      <testcase name="testCreateNonce" class="Security\nonces\NonceMakerTest" file="/Users/adam/Dropbox/painprayer/tests/lib/Security/nonces/NonceMakerTest.php" line="78" assertions="1" time="0.001337">
        <system-out>&lt;input type='hidden' id='formToken' name='formToken' data='jip' value='65765bc1dd7514d33a61ce14f2682f3b37e802593a5da18d0e9f7cb17d012c0a' /&gt;</system-out>
      </testcase>
    </testsuite>
    <testsuite name="Security\nonces\NonceTest" file="/Users/adam/Dropbox/painprayer/tests/lib/Security/nonces/NonceTest.php" tests="4" assertions="5" failures="0" errors="0" time="0.005728">
      <testcase name="test__get" class="Security\nonces\NonceTest" file="/Users/adam/Dropbox/painprayer/tests/lib/Security/nonces/NonceTest.php" line="35" assertions="1" time="0.001238"/>
      <testcase name="test__set" class="Security\nonces\NonceTest" file="/Users/adam/Dropbox/painprayer/tests/lib/Security/nonces/NonceTest.php" line="45" assertions="2" time="0.001592"/>
      <testcase name="test__SetExceptsOnTooLongToken" class="Security\nonces\NonceTest" file="/Users/adam/Dropbox/painprayer/tests/lib/Security/nonces/NonceTest.php" line="59" assertions="1" time="0.001596"/>
      <testcase name="test__SetExceptsOnNonIntegerTime" class="Security\nonces\NonceTest" file="/Users/adam/Dropbox/painprayer/tests/lib/Security/nonces/NonceTest.php" line="71" assertions="1" time="0.001302"/>
    </testsuite>
    <testsuite name="Security\nonces\NonceValidatorTest" file="/Users/adam/Dropbox/painprayer/tests/lib/Security/nonces/NonceValidatorTest.php" tests="5" assertions="5" failures="0" errors="0" time="0.008271">
      <testcase name="testSet_logger" class="Security\nonces\NonceValidatorTest" file="/Users/adam/Dropbox/painprayer/tests/lib/Security/nonces/NonceValidatorTest.php" line="38" assertions="1" time="0.002347"/>
      <testcase name="testSet_session_handler" class="Security\nonces\NonceValidatorTest" file="/Users/adam/Dropbox/painprayer/tests/lib/Security/nonces/NonceValidatorTest.php" line="47" assertions="1" time="0.001406"/>
      <testcase name="testValidate" class="Security\nonces\NonceValidatorTest" file="/Users/adam/Dropbox/painprayer/tests/lib/Security/nonces/NonceValidatorTest.php" line="56" assertions="1" time="0.001467"/>
      <testcase name="testValidateExceptsOnTooOldTimestamp" class="Security\nonces\NonceValidatorTest" file="/Users/adam/Dropbox/painprayer/tests/lib/Security/nonces/NonceValidatorTest.php" line="69" assertions="1" time="0.001496"/>
      <testcase name="testValidateExceptsOnInvalidPageName" class="Security\nonces\NonceValidatorTest" file="/Users/adam/Dropbox/painprayer/tests/lib/Security/nonces/NonceValidatorTest.php" line="85" assertions="1" time="0.001555"/>
    </testsuite>
    <testsuite name="Tasks\Assignments\PrayerAssignmentTest" file="/Users/adam/Dropbox/painprayer/tests/lib/Tasks/Assignments/PrayerAssignmentTest.php" tests="2" assertions="0" failures="0" errors="0" time="0.002406">
      <testcase name="testMakeHash" class="Tasks\Assignments\PrayerAssignmentTest" file="/Users/adam/Dropbox/painprayer/tests/lib/Tasks/Assignments/PrayerAssignmentTest.php" line="23" assertions="0" time="0.001448"/>
      <testcase name="testCreateAssignment" class="Tasks\Assignments\PrayerAssignmentTest" file="/Users/adam/Dropbox/painprayer/tests/lib/Tasks/Assignments/PrayerAssignmentTest.php" line="30" assertions="0" time="0.000958"/>
    </testsuite>
    <testsuite name="Tasks\Assignments\dao\PartnershipDaoTest" file="/Users/adam/Dropbox/painprayer/tests/lib/Tasks/Assignments/dao/PartnershipDaoTest.php" tests="6" assertions="4" failures="0" errors="0" time="0.269639">
      <testcase name="testCreateAssignment" class="Tasks\Assignments\dao\PartnershipDaoTest" file="/Users/adam/Dropbox/painprayer/tests/lib/Tasks/Assignments/dao/PartnershipDaoTest.php" line="24" assertions="4" time="0.116510"/>
      <testcase name="testLoadByAgentAndDate" class="Tasks\Assignments\dao\PartnershipDaoTest" file="/Users/adam/Dropbox/painprayer/tests/lib/Tasks/Assignments/dao/PartnershipDaoTest.php" line="44" assertions="0" time="0.031175"/>
      <testcase name="testLoadByAgentAndPatient" class="Tasks\Assignments\dao\PartnershipDaoTest" file="/Users/adam/Dropbox/painprayer/tests/lib/Tasks/Assignments/dao/PartnershipDaoTest.php" line="49" assertions="0" time="0.033234"/>
      <testcase name="testLoadByHash" class="Tasks\Assignments\dao\PartnershipDaoTest" file="/Users/adam/Dropbox/painprayer/tests/lib/Tasks/Assignments/dao/PartnershipDaoTest.php" line="59" assertions="0" time="0.030551"/>
      <testcase name="testMarkComplete" class="Tasks\Assignments\dao\PartnershipDaoTest" file="/Users/adam/Dropbox/painprayer/tests/lib/Tasks/Assignments/dao/PartnershipDaoTest.php" line="67" assertions="0" time="0.029448"/>
      <testcase name="testMarkCompleteByHash" class="Tasks\Assignments\dao\PartnershipDaoTest" file="/Users/adam/Dropbox/painprayer/tests/lib/Tasks/Assignments/dao/PartnershipDaoTest.php" line="74" assertions="0" time="0.028721"/>
    </testsuite>
    <testsuite name="Tasks\Assignments\service\PartnershipLoaderTest" file="/Users/adam/Dropbox/painprayer/tests/lib/Tasks/Assignments/service/PartnershipLoaderTest.php" tests="8" assertions="19" failures="0" errors="0" time="0.017000">
      <testcase name="testCheckIfHash" class="Tasks\Assignments\service\PartnershipLoaderTest" file="/Users/adam/Dropbox/painprayer/tests/lib/Tasks/Assignments/service/PartnershipLoaderTest.php" line="20" assertions="5" time="0.003463">
        <system-out>
Warning: Missing argument 1 for Tasks\Assignments\service\PartnershipLoader::checkIfHash(), called in /Users/adam/Dropbox/painprayer/tests/lib/Tasks/Assignments/service/PartnershipLoaderTest.php on line 27 and defined in /Users/adam/Dropbox/painprayer/src/lib/Tasks/Assignments/service/PartnershipLoader.php on line 111

Call Stack:
    0.0007     348552   1. {main}() /private/var/folders/xj/znjknz511d1g_58rdz4zcfsw0000gn/T/ide-phpunit.php:0
    0.0065    1359848   2. IDE_Base_PHPUnit_TextUI_Command::main() /private/var/folders/xj/znjknz511d1g_58rdz4zcfsw0000gn/T/ide-phpunit.php:516
    0.0065    1366784   3. PHPUnit_TextUI_Command-&gt;run() /private/var/folders/xj/znjknz511d1g_58rdz4zcfsw0000gn/T/ide-phpunit.php:258
    0.1448   12245184   4. PHPUnit_TextUI_TestRunner-&gt;doRun() /Users/adam/Dropbox/painprayer/vendor/phpunit/phpunit/src/TextUI/Command.php:151
    0.1698   12928288   5. PHPUnit_Framework_TestSuite-&gt;run() /Users/adam/Dropbox/painprayer/vendor/phpunit/phpunit/src/TextUI/TestRunner.php:432
    0.9649   23520848   6. PHPUnit_Framework_TestSuite-&gt;run() /Users/adam/Dropbox/painprayer/vendor/phpunit/phpunit/src/Framework/TestSuite.php:733
    0.9662   23524600   7. PHPUnit_Framework_TestCase-&gt;run() /Users/adam/Dropbox/painprayer/vendor/phpunit/phpunit/src/Framework/TestSuite.php:733
    0.9662   23525056   8. PHPUnit_Framework_TestResult-&gt;run() /Users/adam/Dropbox/painprayer/vendor/phpunit/phpunit/src/Framework/TestCase.php:697
    0.9672   23520208   9. PHPUnit_Framework_TestCase-&gt;runBare() /Users/adam/Dropbox/painprayer/vendor/phpunit/phpunit/src/Framework/TestResult.php:605
    0.9684   23584968  10. PHPUnit_Framework_TestCase-&gt;runTest() /Users/adam/Dropbox/painprayer/vendor/phpunit/phpunit/src/Framework/TestCase.php:741
    0.9684   23585792  11. ReflectionMethod-&gt;invokeArgs() /Users/adam/Dropbox/painprayer/vendor/phpunit/phpunit/src/Framework/TestCase.php:864
    0.9684   23586096  12. Tasks\Assignments\service\PartnershipLoaderTest-&gt;testCheckIfHash() /Users/adam/Dropbox/painprayer/vendor/phpunit/phpunit/src/Framework/TestCase.php:864
    0.9692   23586376  13. Tasks\Assignments\service\PartnershipLoader-&gt;checkIfHash() /Users/adam/Dropbox/painprayer/tests/lib/Tasks/Assignments/service/PartnershipLoaderTest.php:27


Notice: Undefined variable: identifier in /Users/adam/Dropbox/painprayer/src/lib/Tasks/Assignments/service/PartnershipLoader.php on line 113

Call Stack:
    0.0007     348552   1. {main}() /private/var/folders/xj/znjknz511d1g_58rdz4zcfsw0000gn/T/ide-phpunit.php:0
    0.0065    1359848   2. IDE_Base_PHPUnit_TextUI_Command::main() /private/var/folders/xj/znjknz511d1g_58rdz4zcfsw0000gn/T/ide-phpunit.php:516
    0.0065    1366784   3. PHPUnit_TextUI_Command-&gt;run() /private/var/folders/xj/znjknz511d1g_58rdz4zcfsw0000gn/T/ide-phpunit.php:258
    0.1448   12245184   4. PHPUnit_TextUI_TestRunner-&gt;doRun() /Users/adam/Dropbox/painprayer/vendor/phpunit/phpunit/src/TextUI/Command.php:151
    0.1698   12928288   5. PHPUnit_Framework_TestSuite-&gt;run() /Users/adam/Dropbox/painprayer/vendor/phpunit/phpunit/src/TextUI/TestRunner.php:432
    0.9649   23520848   6. PHPUnit_Framework_TestSuite-&gt;run() /Users/adam/Dropbox/painprayer/vendor/phpunit/phpunit/src/Framework/TestSuite.php:733
    0.9662   23524600   7. PHPUnit_Framework_TestCase-&gt;run() /Users/adam/Dropbox/painprayer/vendor/phpunit/phpunit/src/Framework/TestSuite.php:733
    0.9662   23525056   8. PHPUnit_Framework_TestResult-&gt;run() /Users/adam/Dropbox/painprayer/vendor/phpunit/phpunit/src/Framework/TestCase.php:697
    0.9672   23520208   9. PHPUnit_Framework_TestCase-&gt;runBare() /Users/adam/Dropbox/painprayer/vendor/phpunit/phpunit/src/Framework/TestResult.php:605
    0.9684   23584968  10. PHPUnit_Framework_TestCase-&gt;runTest() /Users/adam/Dropbox/painprayer/vendor/phpunit/phpunit/src/Framework/TestCase.php:741
    0.9684   23585792  11. ReflectionMethod-&gt;invokeArgs() /Users/adam/Dropbox/painprayer/vendor/phpunit/phpunit/src/Framework/TestCase.php:864
    0.9684   23586096  12. Tasks\Assignments\service\PartnershipLoaderTest-&gt;testCheckIfHash() /Users/adam/Dropbox/painprayer/vendor/phpunit/phpunit/src/Framework/TestCase.php:864
    0.9692   23586376  13. Tasks\Assignments\service\PartnershipLoader-&gt;checkIfHash() /Users/adam/Dropbox/painprayer/tests/lib/Tasks/Assignments/service/PartnershipLoaderTest.php:27

</system-out>
      </testcase>
      <testcase name="testCheckIfUser" class="Tasks\Assignments\service\PartnershipLoaderTest" file="/Users/adam/Dropbox/painprayer/tests/lib/Tasks/Assignments/service/PartnershipLoaderTest.php" line="32" assertions="4" time="0.002885">
        <system-out>
Warning: Missing argument 1 for Tasks\Assignments\service\PartnershipLoader::checkIfUser(), called in /Users/adam/Dropbox/painprayer/tests/lib/Tasks/Assignments/service/PartnershipLoaderTest.php on line 37 and defined in /Users/adam/Dropbox/painprayer/src/lib/Tasks/Assignments/service/PartnershipLoader.php on line 102

Call Stack:
    0.0007     348552   1. {main}() /private/var/folders/xj/znjknz511d1g_58rdz4zcfsw0000gn/T/ide-phpunit.php:0
    0.0065    1359848   2. IDE_Base_PHPUnit_TextUI_Command::main() /private/var/folders/xj/znjknz511d1g_58rdz4zcfsw0000gn/T/ide-phpunit.php:516
    0.0065    1366784   3. PHPUnit_TextUI_Command-&gt;run() /private/var/folders/xj/znjknz511d1g_58rdz4zcfsw0000gn/T/ide-phpunit.php:258
    0.1448   12245184   4. PHPUnit_TextUI_TestRunner-&gt;doRun() /Users/adam/Dropbox/painprayer/vendor/phpunit/phpunit/src/TextUI/Command.php:151
    0.1698   12928288   5. PHPUnit_Framework_TestSuite-&gt;run() /Users/adam/Dropbox/painprayer/vendor/phpunit/phpunit/src/TextUI/TestRunner.php:432
    0.9649   23520848   6. PHPUnit_Framework_TestSuite-&gt;run() /Users/adam/Dropbox/painprayer/vendor/phpunit/phpunit/src/Framework/TestSuite.php:733
    0.9825   23822688   7. PHPUnit_Framework_TestCase-&gt;run() /Users/adam/Dropbox/painprayer/vendor/phpunit/phpunit/src/Framework/TestSuite.php:733
    0.9825   23822688   8. PHPUnit_Framework_TestResult-&gt;run() /Users/adam/Dropbox/painprayer/vendor/phpunit/phpunit/src/Framework/TestCase.php:697
    0.9833   23823664   9. PHPUnit_Framework_TestCase-&gt;runBare() /Users/adam/Dropbox/painprayer/vendor/phpunit/phpunit/src/Framework/TestResult.php:605
    0.9841   23840768  10. PHPUnit_Framework_TestCase-&gt;runTest() /Users/adam/Dropbox/painprayer/vendor/phpunit/phpunit/src/Framework/TestCase.php:741
    0.9842   23841592  11. ReflectionMethod-&gt;invokeArgs() /Users/adam/Dropbox/painprayer/vendor/phpunit/phpunit/src/Framework/TestCase.php:864
    0.9842   23841848  12. Tasks\Assignments\service\PartnershipLoaderTest-&gt;testCheckIfUser() /Users/adam/Dropbox/painprayer/vendor/phpunit/phpunit/src/Framework/TestCase.php:864
    0.9849   23842000  13. Tasks\Assignments\service\PartnershipLoader-&gt;checkIfUser() /Users/adam/Dropbox/painprayer/tests/lib/Tasks/Assignments/service/PartnershipLoaderTest.php:37


Notice: Undefined variable: identifier in /Users/adam/Dropbox/painprayer/src/lib/Tasks/Assignments/service/PartnershipLoader.php on line 104

Call Stack:
    0.0007     348552   1. {main}() /private/var/folders/xj/znjknz511d1g_58rdz4zcfsw0000gn/T/ide-phpunit.php:0
    0.0065    1359848   2. IDE_Base_PHPUnit_TextUI_Command::main() /private/var/folders/xj/znjknz511d1g_58rdz4zcfsw0000gn/T/ide-phpunit.php:516
    0.0065    1366784   3. PHPUnit_TextUI_Command-&gt;run() /private/var/folders/xj/znjknz511d1g_58rdz4zcfsw0000gn/T/ide-phpunit.php:258
    0.1448   12245184   4. PHPUnit_TextUI_TestRunner-&gt;doRun() /Users/adam/Dropbox/painprayer/vendor/phpunit/phpunit/src/TextUI/Command.php:151
    0.1698   12928288   5. PHPUnit_Framework_TestSuite-&gt;run() /Users/adam/Dropbox/painprayer/vendor/phpunit/phpunit/src/TextUI/TestRunner.php:432
    0.9649   23520848   6. PHPUnit_Framework_TestSuite-&gt;run() /Users/adam/Dropbox/painprayer/vendor/phpunit/phpunit/src/Framework/TestSuite.php:733
    0.9825   23822688   7. PHPUnit_Framework_TestCase-&gt;run() /Users/adam/Dropbox/painprayer/vendor/phpunit/phpunit/src/Framework/TestSuite.php:733
    0.9825   23822688   8. PHPUnit_Framework_TestResult-&gt;run() /Users/adam/Dropbox/painprayer/vendor/phpunit/phpunit/src/Framework/TestCase.php:697
    0.9833   23823664   9. PHPUnit_Framework_TestCase-&gt;runBare() /Users/adam/Dropbox/painprayer/vendor/phpunit/phpunit/src/Framework/TestResult.php:605
    0.9841   23840768  10. PHPUnit_Framework_TestCase-&gt;runTest() /Users/adam/Dropbox/painprayer/vendor/phpunit/phpunit/src/Framework/TestCase.php:741
    0.9842   23841592  11. ReflectionMethod-&gt;invokeArgs() /Users/adam/Dropbox/painprayer/vendor/phpunit/phpunit/src/Framework/TestCase.php:864
    0.9842   23841848  12. Tasks\Assignments\service\PartnershipLoaderTest-&gt;testCheckIfUser() /Users/adam/Dropbox/painprayer/vendor/phpunit/phpunit/src/Framework/TestCase.php:864
    0.9849   23842000  13. Tasks\Assignments\service\PartnershipLoader-&gt;checkIfUser() /Users/adam/Dropbox/painprayer/tests/lib/Tasks/Assignments/service/PartnershipLoaderTest.php:37

</system-out>
      </testcase>
      <testcase name="testChooseMethodUser" class="Tasks\Assignments\service\PartnershipLoaderTest" file="/Users/adam/Dropbox/painprayer/tests/lib/Tasks/Assignments/service/PartnershipLoaderTest.php" line="41" assertions="1" time="0.001715"/>
      <testcase name="testChooseMethodHash" class="Tasks\Assignments\service\PartnershipLoaderTest" file="/Users/adam/Dropbox/painprayer/tests/lib/Tasks/Assignments/service/PartnershipLoaderTest.php" line="47" assertions="1" time="0.001558"/>
      <testcase name="testChooseMethodException" class="Tasks\Assignments\service\PartnershipLoaderTest" file="/Users/adam/Dropbox/painprayer/tests/lib/Tasks/Assignments/service/PartnershipLoaderTest.php" line="56" assertions="1" time="0.001477"/>
      <testcase name="testLoadUser" class="Tasks\Assignments\service\PartnershipLoaderTest" file="/Users/adam/Dropbox/painprayer/tests/lib/Tasks/Assignments/service/PartnershipLoaderTest.php" line="64" assertions="3" time="0.002252"/>
      <testcase name="testLoadHash" class="Tasks\Assignments\service\PartnershipLoaderTest" file="/Users/adam/Dropbox/painprayer/tests/lib/Tasks/Assignments/service/PartnershipLoaderTest.php" line="74" assertions="3" time="0.002313"/>
      <testcase name="testSetDao" class="Tasks\Assignments\service\PartnershipLoaderTest" file="/Users/adam/Dropbox/painprayer/tests/lib/Tasks/Assignments/service/PartnershipLoaderTest.php" line="91" assertions="1" time="0.001337"/>
    </testsuite>
    <testsuite name="Tasks\Assignments\service\PartnershipMakerTest" file="/Users/adam/Dropbox/painprayer/tests/lib/Tasks/Assignments/service/PartnershipMakerTest.php" tests="5" assertions="13" failures="0" errors="0" time="0.010654">
      <testcase name="testCheckUnassigned" class="Tasks\Assignments\service\PartnershipMakerTest" file="/Users/adam/Dropbox/painprayer/tests/lib/Tasks/Assignments/service/PartnershipMakerTest.php" line="16" assertions="1" time="0.002152"/>
      <testcase name="testCheckUnassignedException" class="Tasks\Assignments\service\PartnershipMakerTest" file="/Users/adam/Dropbox/painprayer/tests/lib/Tasks/Assignments/service/PartnershipMakerTest.php" line="27" assertions="1" time="0.002292"/>
      <testcase name="testMake" class="Tasks\Assignments\service\PartnershipMakerTest" file="/Users/adam/Dropbox/painprayer/tests/lib/Tasks/Assignments/service/PartnershipMakerTest.php" line="34" assertions="9" time="0.003446"/>
      <testcase name="testSetDao" class="Tasks\Assignments\service\PartnershipMakerTest" file="/Users/adam/Dropbox/painprayer/tests/lib/Tasks/Assignments/service/PartnershipMakerTest.php" line="64" assertions="1" time="0.001352"/>
      <testcase name="testSetHashMaker" class="Tasks\Assignments\service\PartnershipMakerTest" file="/Users/adam/Dropbox/painprayer/tests/lib/Tasks/Assignments/service/PartnershipMakerTest.php" line="69" assertions="1" time="0.001412"/>
    </testsuite>
  </testsuite>
</testsuites>
