<?xml version="1.0" encoding="UTF-8"?>
<testsuites>
  <testsuite name="/Users/adam/Dropbox/painprayer/tests" tests="36" assertions="90" failures="2" errors="0" time="0.956550">
    <testsuite name="Display\StudyArea\PrayerTaskMakerTest" file="/Users/adam/Dropbox/painprayer/tests/lib/Display/StudyArea/PrayerTaskMakerTest.php" tests="1" assertions="6" failures="0" errors="0" time="0.011081">
      <testcase name="testChooseTemplate" class="Display\StudyArea\PrayerTaskMakerTest" file="/Users/adam/Dropbox/painprayer/tests/lib/Display/StudyArea/PrayerTaskMakerTest.php" line="34" assertions="6" time="0.011081"/>
    </testsuite>
    <testsuite name="PainAssess\Display\PainAssessmentGetterTest" file="/Users/adam/Dropbox/painprayer/tests/lib/PainAssess/Display/PainAssessmentGetterTest.php" tests="3" assertions="4" failures="0" errors="0" time="0.047843">
      <testcase name="testSetTrial" class="PainAssess\Display\PainAssessmentGetterTest" file="/Users/adam/Dropbox/painprayer/tests/lib/PainAssess/Display/PainAssessmentGetterTest.php" line="28" assertions="1" time="0.008580"/>
      <testcase name="testSetDao" class="PainAssess\Display\PainAssessmentGetterTest" file="/Users/adam/Dropbox/painprayer/tests/lib/PainAssess/Display/PainAssessmentGetterTest.php" line="34" assertions="1" time="0.001831"/>
      <testcase name="testGetContent" class="PainAssess\Display\PainAssessmentGetterTest" file="/Users/adam/Dropbox/painprayer/tests/lib/PainAssess/Display/PainAssessmentGetterTest.php" line="40" assertions="2" time="0.037432"/>
    </testsuite>
    <testsuite name="Prayer\Assign\CreateAssignmentTest" file="/Users/adam/Dropbox/painprayer/tests/lib/Prayer/Assign/CreateAssignmentTest.php" tests="1" assertions="1" failures="1" errors="0" time="0.159954">
      <testcase name="testCreate" class="Prayer\Assign\CreateAssignmentTest" file="/Users/adam/Dropbox/painprayer/tests/lib/Prayer/Assign/CreateAssignmentTest.php" line="34" assertions="1" time="0.159954">
        <failure type="PHPUnit_Framework_ExpectationFailedException">Prayer\Assign\CreateAssignmentTest::testCreate
Failed asserting that null is true.

/Users/adam/Dropbox/painprayer/tests/lib/Prayer/Assign/CreateAssignmentTest.php:42
</failure>
      </testcase>
    </testsuite>
    <testsuite name="Prayer\Assign\UpdateAssignmentTest" file="/Users/adam/Dropbox/painprayer/tests/lib/Prayer/Assign/UpdateAssignmentTest.php" tests="1" assertions="0" failures="1" errors="0" time="0.001934">
      <testcase name="Warning" assertions="0" time="0.001934">
        <failure type="PHPUnit_Framework_AssertionFailedError">Warning
No tests found in class "Prayer\Assign\UpdateAssignmentTest".

</failure>
      </testcase>
    </testsuite>
    <testsuite name="RequestHandling\RequestTest" file="/Users/adam/Dropbox/painprayer/tests/lib/RequestHandling/RequestTest.php" tests="8" assertions="42" failures="0" errors="0" time="0.029296">
      <testcase name="testLoad" class="RequestHandling\RequestTest" file="/Users/adam/Dropbox/painprayer/tests/lib/RequestHandling/RequestTest.php" line="49" assertions="8" time="0.007285"/>
      <testcase name="testUnset_incoming" class="RequestHandling\RequestTest" file="/Users/adam/Dropbox/painprayer/tests/lib/RequestHandling/RequestTest.php" line="67" assertions="2" time="0.002725"/>
      <testcase name="testLoad_get" class="RequestHandling\RequestTest" file="/Users/adam/Dropbox/painprayer/tests/lib/RequestHandling/RequestTest.php" line="84" assertions="6" time="0.002771"/>
      <testcase name="testLoad_post" class="RequestHandling\RequestTest" file="/Users/adam/Dropbox/painprayer/tests/lib/RequestHandling/RequestTest.php" line="101" assertions="6" time="0.006442"/>
      <testcase name="testCombine" class="RequestHandling\RequestTest" file="/Users/adam/Dropbox/painprayer/tests/lib/RequestHandling/RequestTest.php" line="118" assertions="12" time="0.004177"/>
      <testcase name="testTask" class="RequestHandling\RequestTest" file="/Users/adam/Dropbox/painprayer/tests/lib/RequestHandling/RequestTest.php" line="139" assertions="2" time="0.001979"/>
      <testcase name="testPage_name" class="RequestHandling\RequestTest" file="/Users/adam/Dropbox/painprayer/tests/lib/RequestHandling/RequestTest.php" line="170" assertions="1" time="0.001303"/>
      <testcase name="testCreate" class="RequestHandling\RequestTest" file="/Users/adam/Dropbox/painprayer/tests/lib/RequestHandling/RequestTest.php" line="183" assertions="5" time="0.002614"/>
    </testsuite>
    <testsuite name="Scheduling\SchedulerTest" file="/Users/adam/Dropbox/painprayer/tests/lib/Scheduling/SchedulerTest.php" tests="1" assertions="1" failures="0" errors="0" time="0.001660">
      <testcase name="test" class="Scheduling\SchedulerTest" file="/Users/adam/Dropbox/painprayer/tests/lib/Scheduling/SchedulerTest.php" line="22" assertions="1" time="0.001660"/>
    </testsuite>
    <testsuite name="Tasks\Assignments\PrayerAssignmentTest" file="/Users/adam/Dropbox/painprayer/tests/lib/Tasks/Assignments/PrayerAssignmentTest.php" tests="2" assertions="0" failures="0" errors="0" time="0.003409">
      <testcase name="testMakeHash" class="Tasks\Assignments\PrayerAssignmentTest" file="/Users/adam/Dropbox/painprayer/tests/lib/Tasks/Assignments/PrayerAssignmentTest.php" line="23" assertions="0" time="0.001683"/>
      <testcase name="testCreateAssignment" class="Tasks\Assignments\PrayerAssignmentTest" file="/Users/adam/Dropbox/painprayer/tests/lib/Tasks/Assignments/PrayerAssignmentTest.php" line="30" assertions="0" time="0.001726"/>
    </testsuite>
    <testsuite name="Tasks\Assignments\dao\PartnershipDaoTest" file="/Users/adam/Dropbox/painprayer/tests/lib/Tasks/Assignments/dao/PartnershipDaoTest.php" tests="6" assertions="4" failures="0" errors="0" time="0.643882">
      <testcase name="testCreateAssignment" class="Tasks\Assignments\dao\PartnershipDaoTest" file="/Users/adam/Dropbox/painprayer/tests/lib/Tasks/Assignments/dao/PartnershipDaoTest.php" line="24" assertions="4" time="0.260694"/>
      <testcase name="testLoadByAgentAndDate" class="Tasks\Assignments\dao\PartnershipDaoTest" file="/Users/adam/Dropbox/painprayer/tests/lib/Tasks/Assignments/dao/PartnershipDaoTest.php" line="44" assertions="0" time="0.067646"/>
      <testcase name="testLoadByAgentAndPatient" class="Tasks\Assignments\dao\PartnershipDaoTest" file="/Users/adam/Dropbox/painprayer/tests/lib/Tasks/Assignments/dao/PartnershipDaoTest.php" line="49" assertions="0" time="0.099508"/>
      <testcase name="testLoadByHash" class="Tasks\Assignments\dao\PartnershipDaoTest" file="/Users/adam/Dropbox/painprayer/tests/lib/Tasks/Assignments/dao/PartnershipDaoTest.php" line="59" assertions="0" time="0.070686"/>
      <testcase name="testMarkComplete" class="Tasks\Assignments\dao\PartnershipDaoTest" file="/Users/adam/Dropbox/painprayer/tests/lib/Tasks/Assignments/dao/PartnershipDaoTest.php" line="67" assertions="0" time="0.078974"/>
      <testcase name="testMarkCompleteByHash" class="Tasks\Assignments\dao\PartnershipDaoTest" file="/Users/adam/Dropbox/painprayer/tests/lib/Tasks/Assignments/dao/PartnershipDaoTest.php" line="74" assertions="0" time="0.066374"/>
    </testsuite>
    <testsuite name="Tasks\Assignments\service\PartnershipLoaderTest" file="/Users/adam/Dropbox/painprayer/tests/lib/Tasks/Assignments/service/PartnershipLoaderTest.php" tests="8" assertions="19" failures="0" errors="0" time="0.045364">
      <testcase name="testCheckIfHash" class="Tasks\Assignments\service\PartnershipLoaderTest" file="/Users/adam/Dropbox/painprayer/tests/lib/Tasks/Assignments/service/PartnershipLoaderTest.php" line="20" assertions="5" time="0.003793">
        <system-out>
Warning: Missing argument 1 for Tasks\Assignments\service\PartnershipLoader::checkIfHash(), called in /Users/adam/Dropbox/painprayer/tests/lib/Tasks/Assignments/service/PartnershipLoaderTest.php on line 27 and defined in /Users/adam/Dropbox/painprayer/src/lib/Tasks/Assignments/service/PartnershipLoader.php on line 111

Call Stack:
    0.0007     348552   1. {main}() /private/var/folders/xj/znjknz511d1g_58rdz4zcfsw0000gn/T/ide-phpunit.php:0
    0.0065    1346864   2. IDE_Base_PHPUnit_TextUI_Command::main() /private/var/folders/xj/znjknz511d1g_58rdz4zcfsw0000gn/T/ide-phpunit.php:516
    0.0065    1353800   3. PHPUnit_TextUI_Command-&gt;run() /private/var/folders/xj/znjknz511d1g_58rdz4zcfsw0000gn/T/ide-phpunit.php:258
    0.0976    9084816   4. PHPUnit_TextUI_TestRunner-&gt;doRun() /Users/adam/Dropbox/painprayer/vendor/phpunit/phpunit/src/TextUI/Command.php:151
    0.1200    9760528   5. PHPUnit_Framework_TestSuite-&gt;run() /Users/adam/Dropbox/painprayer/vendor/phpunit/phpunit/src/TextUI/TestRunner.php:432
    1.3059   19958656   6. PHPUnit_Framework_TestSuite-&gt;run() /Users/adam/Dropbox/painprayer/vendor/phpunit/phpunit/src/Framework/TestSuite.php:733
    1.3082   20224424   7. PHPUnit_Framework_TestCase-&gt;run() /Users/adam/Dropbox/painprayer/vendor/phpunit/phpunit/src/Framework/TestSuite.php:733
    1.3082   20224880   8. PHPUnit_Framework_TestResult-&gt;run() /Users/adam/Dropbox/painprayer/vendor/phpunit/phpunit/src/Framework/TestCase.php:697
    1.3095   20220128   9. PHPUnit_Framework_TestCase-&gt;runBare() /Users/adam/Dropbox/painprayer/vendor/phpunit/phpunit/src/Framework/TestResult.php:605
    1.3106   20283800  10. PHPUnit_Framework_TestCase-&gt;runTest() /Users/adam/Dropbox/painprayer/vendor/phpunit/phpunit/src/Framework/TestCase.php:741
    1.3106   20284624  11. ReflectionMethod-&gt;invokeArgs() /Users/adam/Dropbox/painprayer/vendor/phpunit/phpunit/src/Framework/TestCase.php:864
    1.3106   20284928  12. Tasks\Assignments\service\PartnershipLoaderTest-&gt;testCheckIfHash() /Users/adam/Dropbox/painprayer/vendor/phpunit/phpunit/src/Framework/TestCase.php:864
    1.3115   20285208  13. Tasks\Assignments\service\PartnershipLoader-&gt;checkIfHash() /Users/adam/Dropbox/painprayer/tests/lib/Tasks/Assignments/service/PartnershipLoaderTest.php:27


Notice: Undefined variable: identifier in /Users/adam/Dropbox/painprayer/src/lib/Tasks/Assignments/service/PartnershipLoader.php on line 113

Call Stack:
    0.0007     348552   1. {main}() /private/var/folders/xj/znjknz511d1g_58rdz4zcfsw0000gn/T/ide-phpunit.php:0
    0.0065    1346864   2. IDE_Base_PHPUnit_TextUI_Command::main() /private/var/folders/xj/znjknz511d1g_58rdz4zcfsw0000gn/T/ide-phpunit.php:516
    0.0065    1353800   3. PHPUnit_TextUI_Command-&gt;run() /private/var/folders/xj/znjknz511d1g_58rdz4zcfsw0000gn/T/ide-phpunit.php:258
    0.0976    9084816   4. PHPUnit_TextUI_TestRunner-&gt;doRun() /Users/adam/Dropbox/painprayer/vendor/phpunit/phpunit/src/TextUI/Command.php:151
    0.1200    9760528   5. PHPUnit_Framework_TestSuite-&gt;run() /Users/adam/Dropbox/painprayer/vendor/phpunit/phpunit/src/TextUI/TestRunner.php:432
    1.3059   19958656   6. PHPUnit_Framework_TestSuite-&gt;run() /Users/adam/Dropbox/painprayer/vendor/phpunit/phpunit/src/Framework/TestSuite.php:733
    1.3082   20224424   7. PHPUnit_Framework_TestCase-&gt;run() /Users/adam/Dropbox/painprayer/vendor/phpunit/phpunit/src/Framework/TestSuite.php:733
    1.3082   20224880   8. PHPUnit_Framework_TestResult-&gt;run() /Users/adam/Dropbox/painprayer/vendor/phpunit/phpunit/src/Framework/TestCase.php:697
    1.3095   20220128   9. PHPUnit_Framework_TestCase-&gt;runBare() /Users/adam/Dropbox/painprayer/vendor/phpunit/phpunit/src/Framework/TestResult.php:605
    1.3106   20283800  10. PHPUnit_Framework_TestCase-&gt;runTest() /Users/adam/Dropbox/painprayer/vendor/phpunit/phpunit/src/Framework/TestCase.php:741
    1.3106   20284624  11. ReflectionMethod-&gt;invokeArgs() /Users/adam/Dropbox/painprayer/vendor/phpunit/phpunit/src/Framework/TestCase.php:864
    1.3106   20284928  12. Tasks\Assignments\service\PartnershipLoaderTest-&gt;testCheckIfHash() /Users/adam/Dropbox/painprayer/vendor/phpunit/phpunit/src/Framework/TestCase.php:864
    1.3115   20285208  13. Tasks\Assignments\service\PartnershipLoader-&gt;checkIfHash() /Users/adam/Dropbox/painprayer/tests/lib/Tasks/Assignments/service/PartnershipLoaderTest.php:27

</system-out>
      </testcase>
      <testcase name="testCheckIfUser" class="Tasks\Assignments\service\PartnershipLoaderTest" file="/Users/adam/Dropbox/painprayer/tests/lib/Tasks/Assignments/service/PartnershipLoaderTest.php" line="32" assertions="4" time="0.005364">
        <system-out>
Warning: Missing argument 1 for Tasks\Assignments\service\PartnershipLoader::checkIfUser(), called in /Users/adam/Dropbox/painprayer/tests/lib/Tasks/Assignments/service/PartnershipLoaderTest.php on line 37 and defined in /Users/adam/Dropbox/painprayer/src/lib/Tasks/Assignments/service/PartnershipLoader.php on line 102

Call Stack:
    0.0007     348552   1. {main}() /private/var/folders/xj/znjknz511d1g_58rdz4zcfsw0000gn/T/ide-phpunit.php:0
    0.0065    1346864   2. IDE_Base_PHPUnit_TextUI_Command::main() /private/var/folders/xj/znjknz511d1g_58rdz4zcfsw0000gn/T/ide-phpunit.php:516
    0.0065    1353800   3. PHPUnit_TextUI_Command-&gt;run() /private/var/folders/xj/znjknz511d1g_58rdz4zcfsw0000gn/T/ide-phpunit.php:258
    0.0976    9084816   4. PHPUnit_TextUI_TestRunner-&gt;doRun() /Users/adam/Dropbox/painprayer/vendor/phpunit/phpunit/src/TextUI/Command.php:151
    0.1200    9760528   5. PHPUnit_Framework_TestSuite-&gt;run() /Users/adam/Dropbox/painprayer/vendor/phpunit/phpunit/src/TextUI/TestRunner.php:432
    1.3059   19958656   6. PHPUnit_Framework_TestSuite-&gt;run() /Users/adam/Dropbox/painprayer/vendor/phpunit/phpunit/src/Framework/TestSuite.php:733
    1.3260   20520472   7. PHPUnit_Framework_TestCase-&gt;run() /Users/adam/Dropbox/painprayer/vendor/phpunit/phpunit/src/Framework/TestSuite.php:733
    1.3260   20520472   8. PHPUnit_Framework_TestResult-&gt;run() /Users/adam/Dropbox/painprayer/vendor/phpunit/phpunit/src/Framework/TestCase.php:697
    1.3272   20521448   9. PHPUnit_Framework_TestCase-&gt;runBare() /Users/adam/Dropbox/painprayer/vendor/phpunit/phpunit/src/Framework/TestResult.php:605
    1.3282   20538552  10. PHPUnit_Framework_TestCase-&gt;runTest() /Users/adam/Dropbox/painprayer/vendor/phpunit/phpunit/src/Framework/TestCase.php:741
    1.3283   20539376  11. ReflectionMethod-&gt;invokeArgs() /Users/adam/Dropbox/painprayer/vendor/phpunit/phpunit/src/Framework/TestCase.php:864
    1.3283   20539632  12. Tasks\Assignments\service\PartnershipLoaderTest-&gt;testCheckIfUser() /Users/adam/Dropbox/painprayer/vendor/phpunit/phpunit/src/Framework/TestCase.php:864
    1.3303   20539784  13. Tasks\Assignments\service\PartnershipLoader-&gt;checkIfUser() /Users/adam/Dropbox/painprayer/tests/lib/Tasks/Assignments/service/PartnershipLoaderTest.php:37


Notice: Undefined variable: identifier in /Users/adam/Dropbox/painprayer/src/lib/Tasks/Assignments/service/PartnershipLoader.php on line 104

Call Stack:
    0.0007     348552   1. {main}() /private/var/folders/xj/znjknz511d1g_58rdz4zcfsw0000gn/T/ide-phpunit.php:0
    0.0065    1346864   2. IDE_Base_PHPUnit_TextUI_Command::main() /private/var/folders/xj/znjknz511d1g_58rdz4zcfsw0000gn/T/ide-phpunit.php:516
    0.0065    1353800   3. PHPUnit_TextUI_Command-&gt;run() /private/var/folders/xj/znjknz511d1g_58rdz4zcfsw0000gn/T/ide-phpunit.php:258
    0.0976    9084816   4. PHPUnit_TextUI_TestRunner-&gt;doRun() /Users/adam/Dropbox/painprayer/vendor/phpunit/phpunit/src/TextUI/Command.php:151
    0.1200    9760528   5. PHPUnit_Framework_TestSuite-&gt;run() /Users/adam/Dropbox/painprayer/vendor/phpunit/phpunit/src/TextUI/TestRunner.php:432
    1.3059   19958656   6. PHPUnit_Framework_TestSuite-&gt;run() /Users/adam/Dropbox/painprayer/vendor/phpunit/phpunit/src/Framework/TestSuite.php:733
    1.3260   20520472   7. PHPUnit_Framework_TestCase-&gt;run() /Users/adam/Dropbox/painprayer/vendor/phpunit/phpunit/src/Framework/TestSuite.php:733
    1.3260   20520472   8. PHPUnit_Framework_TestResult-&gt;run() /Users/adam/Dropbox/painprayer/vendor/phpunit/phpunit/src/Framework/TestCase.php:697
    1.3272   20521448   9. PHPUnit_Framework_TestCase-&gt;runBare() /Users/adam/Dropbox/painprayer/vendor/phpunit/phpunit/src/Framework/TestResult.php:605
    1.3282   20538552  10. PHPUnit_Framework_TestCase-&gt;runTest() /Users/adam/Dropbox/painprayer/vendor/phpunit/phpunit/src/Framework/TestCase.php:741
    1.3283   20539376  11. ReflectionMethod-&gt;invokeArgs() /Users/adam/Dropbox/painprayer/vendor/phpunit/phpunit/src/Framework/TestCase.php:864
    1.3283   20539632  12. Tasks\Assignments\service\PartnershipLoaderTest-&gt;testCheckIfUser() /Users/adam/Dropbox/painprayer/vendor/phpunit/phpunit/src/Framework/TestCase.php:864
    1.3303   20539784  13. Tasks\Assignments\service\PartnershipLoader-&gt;checkIfUser() /Users/adam/Dropbox/painprayer/tests/lib/Tasks/Assignments/service/PartnershipLoaderTest.php:37

</system-out>
      </testcase>
      <testcase name="testChooseMethodUser" class="Tasks\Assignments\service\PartnershipLoaderTest" file="/Users/adam/Dropbox/painprayer/tests/lib/Tasks/Assignments/service/PartnershipLoaderTest.php" line="41" assertions="1" time="0.026871"/>
      <testcase name="testChooseMethodHash" class="Tasks\Assignments\service\PartnershipLoaderTest" file="/Users/adam/Dropbox/painprayer/tests/lib/Tasks/Assignments/service/PartnershipLoaderTest.php" line="47" assertions="1" time="0.001335"/>
      <testcase name="testChooseMethodException" class="Tasks\Assignments\service\PartnershipLoaderTest" file="/Users/adam/Dropbox/painprayer/tests/lib/Tasks/Assignments/service/PartnershipLoaderTest.php" line="56" assertions="1" time="0.001676"/>
      <testcase name="testLoadUser" class="Tasks\Assignments\service\PartnershipLoaderTest" file="/Users/adam/Dropbox/painprayer/tests/lib/Tasks/Assignments/service/PartnershipLoaderTest.php" line="64" assertions="3" time="0.002585"/>
      <testcase name="testLoadHash" class="Tasks\Assignments\service\PartnershipLoaderTest" file="/Users/adam/Dropbox/painprayer/tests/lib/Tasks/Assignments/service/PartnershipLoaderTest.php" line="74" assertions="3" time="0.002349"/>
      <testcase name="testSetDao" class="Tasks\Assignments\service\PartnershipLoaderTest" file="/Users/adam/Dropbox/painprayer/tests/lib/Tasks/Assignments/service/PartnershipLoaderTest.php" line="91" assertions="1" time="0.001391"/>
    </testsuite>
    <testsuite name="Tasks\Assignments\service\PartnershipMakerTest" file="/Users/adam/Dropbox/painprayer/tests/lib/Tasks/Assignments/service/PartnershipMakerTest.php" tests="5" assertions="13" failures="0" errors="0" time="0.012127">
      <testcase name="testCheckUnassigned" class="Tasks\Assignments\service\PartnershipMakerTest" file="/Users/adam/Dropbox/painprayer/tests/lib/Tasks/Assignments/service/PartnershipMakerTest.php" line="16" assertions="1" time="0.002969"/>
      <testcase name="testCheckUnassignedException" class="Tasks\Assignments\service\PartnershipMakerTest" file="/Users/adam/Dropbox/painprayer/tests/lib/Tasks/Assignments/service/PartnershipMakerTest.php" line="27" assertions="1" time="0.002331"/>
      <testcase name="testMake" class="Tasks\Assignments\service\PartnershipMakerTest" file="/Users/adam/Dropbox/painprayer/tests/lib/Tasks/Assignments/service/PartnershipMakerTest.php" line="34" assertions="9" time="0.004009"/>
      <testcase name="testSetDao" class="Tasks\Assignments\service\PartnershipMakerTest" file="/Users/adam/Dropbox/painprayer/tests/lib/Tasks/Assignments/service/PartnershipMakerTest.php" line="64" assertions="1" time="0.001401"/>
      <testcase name="testSetHashMaker" class="Tasks\Assignments\service\PartnershipMakerTest" file="/Users/adam/Dropbox/painprayer/tests/lib/Tasks/Assignments/service/PartnershipMakerTest.php" line="69" assertions="1" time="0.001417"/>
    </testsuite>
  </testsuite>
</testsuites>
